{
    "level": "INFO",
    "message": "APPLICATION_STARTED",
    "timestamp": "2024-08-27T12:52:51.236Z",
    "meta": {
        "PORT": "5000",
        "SERVER_URL": "http://localhost:5000"
    }
}
{
    "level": "INFO",
    "message": "APPLICATION_STARTED",
    "timestamp": "2024-08-27T12:53:46.755Z",
    "meta": {
        "PORT": "5000",
        "SERVER_URL": "http://localhost:5000"
    }
}
{
    "level": "INFO",
    "message": "APPLICATION_STARTED",
    "timestamp": "2024-08-27T12:54:17.788Z",
    "meta": {
        "PORT": "5000",
        "SERVER_URL": "http://localhost:5000"
    }
}
{
    "level": "INFO",
    "message": "APPLICATION_STARTED",
    "timestamp": "2024-08-27T12:54:35.282Z",
    "meta": {
        "PORT": "5000",
        "SERVER_URL": "http://localhost:5000"
    }
}
{
    "level": "INFO",
    "message": "APPLICATION_STARTED",
    "timestamp": "2024-08-27T12:54:47.216Z",
    "meta": {
        "PORT": "5000",
        "SERVER_URL": "http://localhost:5000"
    }
}
{
    "level": "INFO",
    "message": "DATABASE_CONNECTION",
    "timestamp": "2024-08-27T13:06:44.699Z",
    "meta": {}
}
{
    "level": "INFO",
    "message": "APPLICATION_STARTED",
    "timestamp": "2024-08-27T13:06:44.708Z",
    "meta": {
        "PORT": "5000",
        "SERVER_URL": "http://localhost:5000"
    }
}
{
    "level": "INFO",
    "message": "DATABASE_CONNECTION",
    "timestamp": "2024-08-27T13:09:37.525Z",
    "meta": {}
}
{
    "level": "INFO",
    "message": "APPLICATION_STARTED",
    "timestamp": "2024-08-27T13:09:37.535Z",
    "meta": {
        "PORT": "5000",
        "SERVER_URL": "http://localhost:5000"
    }
}
{
    "level": "INFO",
    "message": "APPLICATION_STARTED",
    "timestamp": "2024-08-27T13:11:27.164Z",
    "meta": {
        "PORT": "5000",
        "SERVER_URL": "http://localhost:5000"
    }
}
{
    "level": "INFO",
    "message": "APPLICATION_STARTED",
    "timestamp": "2024-08-27T13:14:56.307Z",
    "meta": {
        "PORT": "5000",
        "SERVER_URL": "http://localhost:5000"
    }
}
{
    "level": "INFO",
    "message": "APPLICATION_STARTED",
    "timestamp": "2024-08-27T13:23:55.404Z",
    "meta": {
        "PORT": "5000",
        "SERVER_URL": "http://localhost:5000"
    }
}
{
    "level": "INFO",
    "message": "APPLICATION_STARTED",
    "timestamp": "2024-08-27T13:30:06.094Z",
    "meta": {
        "PORT": "5000",
        "SERVER_URL": "http://localhost:5000"
    }
}
{
    "level": "INFO",
    "message": "APPLICATION_STARTED",
    "timestamp": "2024-08-27T18:08:01.065Z",
    "meta": {
        "PORT": "5000",
        "SERVER_URL": "http://localhost:5000"
    }
}
{
    "level": "INFO",
    "message": "APPLICATION_STARTED",
    "timestamp": "2024-08-27T18:08:41.298Z",
    "meta": {
        "PORT": "5000",
        "SERVER_URL": "http://localhost:5000"
    }
}
{
    "level": "INFO",
    "message": "APPLICATION_STARTED",
    "timestamp": "2024-08-27T18:09:54.986Z",
    "meta": {
        "PORT": "5000",
        "SERVER_URL": "http://localhost:5000"
    }
}
{
    "level": "ERROR",
    "message": "APPLICATION_ERROR",
    "timestamp": "2024-08-27T18:17:25.063Z",
    "meta": {}
}
{
    "level": "INFO",
    "message": "DATABASE_CONNECTION",
    "timestamp": "2024-08-27T18:18:23.182Z",
    "meta": {
        "CONNECTION_NAME": "node-ts-developement-setup"
    }
}
{
    "level": "INFO",
    "message": "APPLICATION_STARTED",
    "timestamp": "2024-08-27T18:18:23.202Z",
    "meta": {
        "PORT": "5000",
        "SERVER_URL": "http://localhost:5000"
    }
}
{
    "level": "INFO",
    "message": "DATABASE_CONNECTION",
    "timestamp": "2024-08-27T18:32:09.073Z",
    "meta": {
        "CONNECTION_NAME": "node-ts-developement-setup"
    }
}
{
    "level": "INFO",
    "message": "APPLICATION_STARTED",
    "timestamp": "2024-08-27T18:32:09.132Z",
    "meta": {
        "PORT": "5000",
        "SERVER_URL": "http://localhost:5000"
    }
}
{
    "level": "INFO",
    "message": "DATABASE_CONNECTION",
    "timestamp": "2024-08-27T18:42:26.679Z",
    "meta": {
        "CONNECTION_NAME": "node-ts-developement-setup"
    }
}
{
    "level": "INFO",
    "message": "APPLICATION_STARTED",
    "timestamp": "2024-08-27T18:42:26.699Z",
    "meta": {
        "PORT": "5000",
        "SERVER_URL": "http://localhost:5000"
    }
}
{
    "level": "INFO",
    "message": "DATABASE_CONNECTION",
    "timestamp": "2024-08-27T18:45:59.819Z",
    "meta": {
        "CONNECTION_NAME": "node-ts-developement-setup"
    }
}
{
    "level": "INFO",
    "message": "APPLICATION_STARTED",
    "timestamp": "2024-08-27T18:45:59.852Z",
    "meta": {
        "PORT": "5000",
        "SERVER_URL": "http://localhost:5000"
    }
}
{
    "level": "INFO",
    "message": "DATABASE_CONNECTION",
    "timestamp": "2024-08-27T18:48:11.539Z",
    "meta": {
        "CONNECTION_NAME": "node-ts-developement-setup"
    }
}
{
    "level": "INFO",
    "message": "APPLICATION_STARTED",
    "timestamp": "2024-08-27T18:48:11.617Z",
    "meta": {
        "PORT": "5000",
        "SERVER_URL": "http://localhost:5000"
    }
}
{
    "level": "INFO",
    "message": "DATABASE_CONNECTION",
    "timestamp": "2024-08-28T05:56:34.808Z",
    "meta": {
        "CONNECTION_NAME": "node-ts-developement-setup"
    }
}
{
    "level": "INFO",
    "message": "APPLICATION_STARTED",
    "timestamp": "2024-08-28T05:56:34.827Z",
    "meta": {
        "PORT": "5000",
        "SERVER_URL": "http://localhost:5000"
    }
}
{
    "level": "INFO",
    "message": "DATABASE_CONNECTION",
    "timestamp": "2024-08-28T06:08:21.248Z",
    "meta": {
        "CONNECTION_NAME": "node-ts-developement-setup"
    }
}
{
    "level": "INFO",
    "message": "APPLICATION_STARTED",
    "timestamp": "2024-08-28T06:08:21.269Z",
    "meta": {
        "PORT": "5000",
        "SERVER_URL": "http://localhost:5000"
    }
}
{
    "level": "INFO",
    "message": "DATABASE_CONNECTION",
    "timestamp": "2024-08-28T06:10:40.575Z",
    "meta": {
        "CONNECTION_NAME": "node-ts-developement-setup"
    }
}
{
    "level": "INFO",
    "message": "APPLICATION_STARTED",
    "timestamp": "2024-08-28T06:10:40.655Z",
    "meta": {
        "PORT": "5000",
        "SERVER_URL": "http://localhost:5000"
    }
}
{
    "level": "INFO",
    "message": "DATABASE_CONNECTION",
    "timestamp": "2024-08-28T06:14:23.917Z",
    "meta": {
        "CONNECTION_NAME": "node-ts-developement-setup"
    }
}
{
    "level": "INFO",
    "message": "APPLICATION_STARTED",
    "timestamp": "2024-08-28T06:14:23.942Z",
    "meta": {
        "PORT": "5000",
        "SERVER_URL": "http://localhost:5000"
    }
}
{
    "level": "INFO",
    "message": "DATABASE_CONNECTION",
    "timestamp": "2024-08-28T06:24:45.977Z",
    "meta": {
        "CONNECTION_NAME": "node-ts-developement-setup"
    }
}
{
    "level": "INFO",
    "message": "APPLICATION_STARTED",
    "timestamp": "2024-08-28T06:24:45.998Z",
    "meta": {
        "PORT": "5000",
        "SERVER_URL": "http://localhost:5000"
    }
}
{
    "level": "INFO",
    "message": "DATABASE_CONNECTION",
    "timestamp": "2024-08-28T06:26:34.982Z",
    "meta": {
        "CONNECTION_NAME": "node-ts-developement-setup"
    }
}
{
    "level": "INFO",
    "message": "APPLICATION_STARTED",
    "timestamp": "2024-08-28T06:26:35.003Z",
    "meta": {
        "PORT": "5000",
        "SERVER_URL": "http://localhost:5000"
    }
}
{
    "level": "INFO",
    "message": "DATABASE_CONNECTION",
    "timestamp": "2024-08-28T06:30:33.159Z",
    "meta": {
        "CONNECTION_NAME": "node-ts-developement-setup"
    }
}
{
    "level": "INFO",
    "message": "APPLICATION_STARTED",
    "timestamp": "2024-08-28T06:30:33.189Z",
    "meta": {
        "PORT": "5000",
        "SERVER_URL": "http://localhost:5000"
    }
}
{
    "level": "INFO",
    "message": "DATABASE_CONNECTION",
    "timestamp": "2024-08-28T06:32:16.260Z",
    "meta": {
        "CONNECTION_NAME": "node-ts-developement-setup"
    }
}
{
    "level": "INFO",
    "message": "APPLICATION_STARTED",
    "timestamp": "2024-08-28T06:32:16.278Z",
    "meta": {
        "PORT": "5000",
        "SERVER_URL": "http://localhost:5000"
    }
}
{
    "level": "INFO",
    "message": "DATABASE_CONNECTION",
    "timestamp": "2024-08-28T06:34:51.303Z",
    "meta": {
        "CONNECTION_NAME": "node-ts-developement-setup"
    }
}
{
    "level": "INFO",
    "message": "APPLICATION_STARTED",
    "timestamp": "2024-08-28T06:34:51.330Z",
    "meta": {
        "PORT": "5000",
        "SERVER_URL": "http://localhost:5000"
    }
}
{
    "level": "INFO",
    "message": "DATABASE_CONNECTION",
    "timestamp": "2024-08-28T06:38:17.015Z",
    "meta": {
        "CONNECTION_NAME": "node-ts-developement-setup"
    }
}
{
    "level": "INFO",
    "message": "APPLICATION_STARTED",
    "timestamp": "2024-08-28T06:38:17.034Z",
    "meta": {
        "PORT": "5000",
        "SERVER_URL": "http://localhost:5000"
    }
}
{
    "level": "INFO",
    "message": "DATABASE_CONNECTION",
    "timestamp": "2024-08-28T06:42:08.859Z",
    "meta": {
        "CONNECTION_NAME": "node-ts-developement-setup"
    }
}
{
    "level": "INFO",
    "message": "APPLICATION_STARTED",
    "timestamp": "2024-08-28T06:42:08.885Z",
    "meta": {
        "PORT": "5000",
        "SERVER_URL": "http://localhost:5000"
    }
}
{
    "level": "INFO",
    "message": "DATABASE_CONNECTION",
    "timestamp": "2024-08-28T06:45:01.399Z",
    "meta": {
        "CONNECTION_NAME": "node-ts-developement-setup"
    }
}
{
    "level": "INFO",
    "message": "APPLICATION_STARTED",
    "timestamp": "2024-08-28T06:45:01.429Z",
    "meta": {
        "PORT": "5000",
        "SERVER_URL": "http://localhost:5000"
    }
}
{
    "level": "ERROR",
    "message": "APPLICATION_ERROR",
    "timestamp": "2024-08-28T07:08:51.400Z",
    "meta": {}
}
{
    "level": "INFO",
    "message": "DATABASE_CONNECTION",
    "timestamp": "2024-08-28T07:28:54.821Z",
    "meta": {
        "CONNECTION_NAME": "node-ts-developement-setup"
    }
}
{
    "level": "INFO",
    "message": "RATE_LIMITER_INITIATED",
    "timestamp": "2024-08-28T07:28:55.008Z",
    "meta": {
        "CONNECTION_NAME": "node-ts-developement-setup"
    }
}
{
    "level": "INFO",
    "message": "APPLICATION_STARTED",
    "timestamp": "2024-08-28T07:28:55.037Z",
    "meta": {
        "PORT": "5000",
        "SERVER_URL": "http://localhost:5000"
    }
}
{
    "level": "INFO",
    "message": "DATABASE_CONNECTION",
    "timestamp": "2024-08-28T07:33:02.237Z",
    "meta": {
        "CONNECTION_NAME": "node-ts-developement-setup"
    }
}
{
    "level": "INFO",
    "message": "RATE_LIMITER_INITIATED",
    "timestamp": "2024-08-28T07:33:02.282Z",
    "meta": {
        "CONNECTION_NAME": "node-ts-developement-setup"
    }
}
{
    "level": "INFO",
    "message": "APPLICATION_STARTED",
    "timestamp": "2024-08-28T07:33:02.289Z",
    "meta": {
        "PORT": "5000",
        "SERVER_URL": "http://localhost:5000"
    }
}
{
    "level": "INFO",
    "message": "DATABASE_CONNECTION",
    "timestamp": "2024-08-28T07:37:52.272Z",
    "meta": {
        "CONNECTION_NAME": "node-ts-developement-setup"
    }
}
{
    "level": "INFO",
    "message": "RATE_LIMITER_INITIATED",
    "timestamp": "2024-08-28T07:37:52.317Z",
    "meta": {
        "CONNECTION_NAME": "node-ts-developement-setup"
    }
}
{
    "level": "INFO",
    "message": "APPLICATION_STARTED",
    "timestamp": "2024-08-28T07:37:52.325Z",
    "meta": {
        "PORT": "5000",
        "SERVER_URL": "http://localhost:5000"
    }
}
{
    "level": "INFO",
    "message": "DATABASE_CONNECTION",
    "timestamp": "2024-08-28T07:39:26.574Z",
    "meta": {
        "CONNECTION_NAME": "node-ts-developement-setup"
    }
}
{
    "level": "INFO",
    "message": "RATE_LIMITER_INITIATED",
    "timestamp": "2024-08-28T07:39:26.623Z",
    "meta": {
        "CONNECTION_NAME": "node-ts-developement-setup"
    }
}
{
    "level": "INFO",
    "message": "APPLICATION_STARTED",
    "timestamp": "2024-08-28T07:39:26.630Z",
    "meta": {
        "PORT": "5000",
        "SERVER_URL": "http://localhost:5000"
    }
}
{
    "level": "INFO",
    "message": "DATABASE_CONNECTION",
    "timestamp": "2024-08-28T07:40:53.181Z",
    "meta": {
        "CONNECTION_NAME": "node-ts-developement-setup"
    }
}
{
    "level": "INFO",
    "message": "RATE_LIMITER_INITIATED",
    "timestamp": "2024-08-28T07:40:53.225Z",
    "meta": {
        "CONNECTION_NAME": "node-ts-developement-setup"
    }
}
{
    "level": "INFO",
    "message": "APPLICATION_STARTED",
    "timestamp": "2024-08-28T07:40:53.230Z",
    "meta": {
        "PORT": "5000",
        "SERVER_URL": "http://localhost:5000"
    }
}
{
    "level": "INFO",
    "message": "DATABASE_CONNECTION",
    "timestamp": "2024-08-28T07:50:32.770Z",
    "meta": {
        "CONNECTION_NAME": "node-ts-developement-setup"
    }
}
{
    "level": "INFO",
    "message": "RATE_LIMITER_INITIATED",
    "timestamp": "2024-08-28T07:50:32.853Z",
    "meta": {
        "CONNECTION_NAME": "node-ts-developement-setup"
    }
}
{
    "level": "INFO",
    "message": "APPLICATION_STARTED",
    "timestamp": "2024-08-28T07:50:32.861Z",
    "meta": {
        "PORT": "5000",
        "SERVER_URL": "http://localhost:5000"
    }
}
{
    "level": "INFO",
    "message": "DATABASE_CONNECTION",
    "timestamp": "2024-08-28T07:56:24.036Z",
    "meta": {
        "CONNECTION_NAME": "node-ts-developement-setup"
    }
}
{
    "level": "INFO",
    "message": "RATE_LIMITER_INITIATED",
    "timestamp": "2024-08-28T07:56:24.091Z",
    "meta": {
        "CONNECTION_NAME": "node-ts-developement-setup"
    }
}
{
    "level": "INFO",
    "message": "APPLICATION_STARTED",
    "timestamp": "2024-08-28T07:56:24.099Z",
    "meta": {
        "PORT": "5000",
        "SERVER_URL": "http://localhost:5000"
    }
}
{
    "level": "INFO",
    "message": "DATABASE_CONNECTION",
    "timestamp": "2024-08-28T07:58:50.514Z",
    "meta": {
        "CONNECTION_NAME": "node-ts-developement-setup"
    }
}
{
    "level": "INFO",
    "message": "RATE_LIMITER_INITIATED",
    "timestamp": "2024-08-28T07:58:50.600Z",
    "meta": {
        "CONNECTION_NAME": "node-ts-developement-setup"
    }
}
{
    "level": "INFO",
    "message": "APPLICATION_STARTED",
    "timestamp": "2024-08-28T07:58:50.612Z",
    "meta": {
        "PORT": "5000",
        "SERVER_URL": "http://localhost:5000"
    }
}
{
    "level": "INFO",
    "message": "DATABASE_CONNECTION",
    "timestamp": "2024-08-28T08:01:09.583Z",
    "meta": {
        "CONNECTION_NAME": "node-ts-developement-setup"
    }
}
{
    "level": "INFO",
    "message": "RATE_LIMITER_INITIATED",
    "timestamp": "2024-08-28T08:01:09.631Z",
    "meta": {
        "PORT": "5000",
        "SERVER_URL": "http://localhost:5000"
    }
}
{
    "level": "INFO",
    "message": "APPLICATION_STARTED",
    "timestamp": "2024-08-28T08:01:09.643Z",
    "meta": {
        "PORT": "5000",
        "SERVER_URL": "http://localhost:5000"
    }
}
{
    "level": "INFO",
    "message": "DATABASE_CONNECTION",
    "timestamp": "2024-08-28T08:07:47.926Z",
    "meta": {
        "CONNECTION_NAME": "node-ts-developement-setup"
    }
}
{
    "level": "INFO",
    "message": "RATE_LIMITER_INITIATED",
    "timestamp": "2024-08-28T08:07:47.978Z",
    "meta": {
        "PORT": "5000",
        "SERVER_URL": "http://localhost:5000"
    }
}
{
    "level": "INFO",
    "message": "APPLICATION_STARTED",
    "timestamp": "2024-08-28T08:07:47.986Z",
    "meta": {
        "PORT": "5000",
        "SERVER_URL": "http://localhost:5000"
    }
}
{
    "level": "INFO",
    "message": "DATABASE_CONNECTION",
    "timestamp": "2024-08-28T08:12:01.214Z",
    "meta": {
        "CONNECTION_NAME": "node-ts-developement-setup"
    }
}
{
    "level": "INFO",
    "message": "RATE_LIMITER_INITIATED",
    "timestamp": "2024-08-28T08:12:01.273Z",
    "meta": {
        "PORT": "5000",
        "SERVER_URL": "http://localhost:5000"
    }
}
{
    "level": "INFO",
    "message": "APPLICATION_STARTED",
    "timestamp": "2024-08-28T08:12:01.279Z",
    "meta": {
        "PORT": "5000",
        "SERVER_URL": "http://localhost:5000"
    }
}
{
    "level": "INFO",
    "message": "DATABASE_CONNECTION",
    "timestamp": "2024-08-28T16:47:09.734Z",
    "meta": {
        "CONNECTION_NAME": "node-ts-developement-setup"
    }
}
{
    "level": "INFO",
    "message": "RATE_LIMITER_INITIATED",
    "timestamp": "2024-08-28T16:47:09.816Z",
    "meta": {
        "PORT": "5000",
        "SERVER_URL": "http://localhost:5000"
    }
}
{
    "level": "INFO",
    "message": "APPLICATION_STARTED",
    "timestamp": "2024-08-28T16:47:09.931Z",
    "meta": {
        "PORT": "5000",
        "SERVER_URL": "http://localhost:5000"
    }
}
{
    "level": "INFO",
    "message": "DATABASE_CONNECTION",
    "timestamp": "2024-08-28T16:53:31.660Z",
    "meta": {
        "CONNECTION_NAME": "node-ts-developement-setup"
    }
}
{
    "level": "INFO",
    "message": "RATE_LIMITER_INITIATED",
    "timestamp": "2024-08-28T16:53:31.775Z",
    "meta": {
        "PORT": "5000",
        "SERVER_URL": "http://localhost:5000"
    }
}
{
    "level": "INFO",
    "message": "APPLICATION_STARTED",
    "timestamp": "2024-08-28T16:53:31.785Z",
    "meta": {
        "PORT": "5000",
        "SERVER_URL": "http://localhost:5000"
    }
}
{
    "level": "INFO",
    "message": "DATABASE_CONNECTION",
    "timestamp": "2024-08-28T16:56:14.954Z",
    "meta": {
        "CONNECTION_NAME": "node-ts-developement-setup"
    }
}
{
    "level": "INFO",
    "message": "RATE_LIMITER_INITIATED",
    "timestamp": "2024-08-28T16:56:15.020Z",
    "meta": {
        "PORT": "5000",
        "SERVER_URL": "http://localhost:5000"
    }
}
{
    "level": "INFO",
    "message": "APPLICATION_STARTED",
    "timestamp": "2024-08-28T16:56:15.027Z",
    "meta": {
        "PORT": "5000",
        "SERVER_URL": "http://localhost:5000"
    }
}
