{
    "level": "ERROR",
    "message": "uncaughtException: тип Unable to compile TypeScript:\n\u001b[96msrc/services/databaseService.ts\u001b[0m:\u001b[93m6\u001b[0m:\u001b[93m8\u001b[0m - \u001b[91merror\u001b[0m\u001b[90m TS2304: \u001b[0mCannot find name 'constasync'.\r\n\r\n\u001b[7m6\u001b[0m export constasync () => {\r\n\u001b[7m \u001b[0m \u001b[91m       ~~~~~~~~~~\u001b[0m\r\n\u001b[96msrc/services/databaseService.ts\u001b[0m:\u001b[93m6\u001b[0m:\u001b[93m1\u001b[0m - \u001b[91merror\u001b[0m\u001b[90m TS1128: \u001b[0mDeclaration or statement expected.\r\n\r\n\u001b[7m6\u001b[0m export constasync () => {\r\n\u001b[7m \u001b[0m \u001b[91m~~~~~~\u001b[0m\r\n\u001b[96msrc/services/databaseService.ts\u001b[0m:\u001b[93m6\u001b[0m:\u001b[93m22\u001b[0m - \u001b[91merror\u001b[0m\u001b[90m TS1005: \u001b[0m';' expected.\r\n\r\n\u001b[7m6\u001b[0m export constasync () => {\r\n\u001b[7m \u001b[0m \u001b[91m                     ~~\u001b[0m\r\n\nTSError: тип Unable to compile TypeScript:\n\u001b[96msrc/services/databaseService.ts\u001b[0m:\u001b[93m6\u001b[0m:\u001b[93m8\u001b[0m - \u001b[91merror\u001b[0m\u001b[90m TS2304: \u001b[0mCannot find name 'constasync'.\r\n\r\n\u001b[7m6\u001b[0m export constasync () => {\r\n\u001b[7m \u001b[0m \u001b[91m       ~~~~~~~~~~\u001b[0m\r\n\u001b[96msrc/services/databaseService.ts\u001b[0m:\u001b[93m6\u001b[0m:\u001b[93m1\u001b[0m - \u001b[91merror\u001b[0m\u001b[90m TS1128: \u001b[0mDeclaration or statement expected.\r\n\r\n\u001b[7m6\u001b[0m export constasync () => {\r\n\u001b[7m \u001b[0m \u001b[91m~~~~~~\u001b[0m\r\n\u001b[96msrc/services/databaseService.ts\u001b[0m:\u001b[93m6\u001b[0m:\u001b[93m22\u001b[0m - \u001b[91merror\u001b[0m\u001b[90m TS1005: \u001b[0m';' expected.\r\n\r\n\u001b[7m6\u001b[0m export constasync () => {\r\n\u001b[7m \u001b[0m \u001b[91m                     ~~\u001b[0m\r\n\n    at createTSError (E:\\Mindedcoder_Application\\MindedCoder_Backend_TS\\node_modules\\ts-node\\src\\index.ts:859:12)\n    at reportTSError (E:\\Mindedcoder_Application\\MindedCoder_Backend_TS\\node_modules\\ts-node\\src\\index.ts:863:19)\n    at getOutput (E:\\Mindedcoder_Application\\MindedCoder_Backend_TS\\node_modules\\ts-node\\src\\index.ts:1077:36)\n    at Object.compile (E:\\Mindedcoder_Application\\MindedCoder_Backend_TS\\node_modules\\ts-node\\src\\index.ts:1433:41)\n    at Module.m._compile (E:\\Mindedcoder_Application\\MindedCoder_Backend_TS\\node_modules\\ts-node\\src\\index.ts:1617:30)\n    at Module._extensions..js (node:internal/modules/cjs/loader:1310:10)\n    at Object.require.extensions.<computed> [as .ts] (E:\\Mindedcoder_Application\\MindedCoder_Backend_TS\\node_modules\\ts-node\\src\\index.ts:1621:12)\n    at Module.load (node:internal/modules/cjs/loader:1119:32)\n    at Function.Module._load (node:internal/modules/cjs/loader:960:12)\n    at Module.require (node:internal/modules/cjs/loader:1143:19)",
    "timestamp": "2024-08-27T18:11:10.446Z",
    "meta": {}
}
{
    "level": "ERROR",
    "message": "APPLICATION_ERROR",
    "timestamp": "2024-08-27T18:17:25.068Z",
    "meta": {}
}
{
    "level": "ERROR",
    "message": "uncaughtException: listen EADDRINUSE: address already in use :::5000\nError: listen EADDRINUSE: address already in use :::5000\n    at Server.setupListenHandle [as _listen2] (node:net:1817:16)\n    at listenInCluster (node:net:1865:12)\n    at Server.listen (node:net:1953:7)\n    at Function.listen (E:\\Mindedcoder_Application\\MindedCoder_Backend_TS\\node_modules\\express\\lib\\application.js:635:24)\n    at Object.<anonymous> (E:\\Mindedcoder_Application\\MindedCoder_Backend_TS\\src\\server.ts:8:20)\n    at Module._compile (node:internal/modules/cjs/loader:1256:14)\n    at Module.m._compile (E:\\Mindedcoder_Application\\MindedCoder_Backend_TS\\node_modules\\ts-node\\src\\index.ts:1618:23)\n    at Module._extensions..js (node:internal/modules/cjs/loader:1310:10)\n    at Object.require.extensions.<computed> [as .ts] (E:\\Mindedcoder_Application\\MindedCoder_Backend_TS\\node_modules\\ts-node\\src\\index.ts:1621:12)\n    at Module.load (node:internal/modules/cjs/loader:1119:32)",
    "timestamp": "2024-08-28T06:11:27.668Z",
    "meta": {}
}
{
    "level": "ERROR",
    "message": "APPLICATION_ERROR",
    "timestamp": "2024-08-28T07:08:51.406Z",
    "meta": {}
}
